<?xml version="1.0" encoding="UTF-8"?>
<testng-results ignored="0" total="2" passed="2" failed="0" skipped="0">
  <reporter-output>
  </reporter-output>
  <suite started-at="2021-04-05T01:46:28 IST" name="Practice Suite" finished-at="2021-04-05T01:46:55 IST" duration-ms="26313">
    <groups>
    </groups>
    <test started-at="2021-04-05T01:46:28 IST" name="Test Basics 1" finished-at="2021-04-05T01:46:55 IST" duration-ms="26313">
      <class name="docker_selenium_grid.googleSearchFireFox">
        <test-method is-config="true" signature="setUp()[pri:0, instance:docker_selenium_grid.googleSearchFireFox@5c669da8]" started-at="2021-04-05T01:46:41 IST" name="setUp" finished-at="2021-04-05T01:46:46 IST" duration-ms="5182" status="PASS">
          <reporter-output>
          </reporter-output>
        </test-method> <!-- setUp -->
        <test-method signature="googleSearch()[pri:0, instance:docker_selenium_grid.googleSearchFireFox@5c669da8]" started-at="2021-04-05T01:46:46 IST" name="googleSearch" description="Google search in Firefox" finished-at="2021-04-05T01:46:54 IST" duration-ms="7413" status="PASS">
          <reporter-output>
          </reporter-output>
        </test-method> <!-- googleSearch -->
        <test-method is-config="true" signature="teardown()[pri:0, instance:docker_selenium_grid.googleSearchFireFox@5c669da8]" started-at="2021-04-05T01:46:54 IST" name="teardown" finished-at="2021-04-05T01:46:55 IST" duration-ms="1019" status="PASS">
          <reporter-output>
          </reporter-output>
        </test-method> <!-- teardown -->
      </class> <!-- docker_selenium_grid.googleSearchFireFox -->
      <class name="docker_selenium_grid.googleSearchChrome">
        <test-method is-config="true" signature="setUp()[pri:0, instance:docker_selenium_grid.googleSearchChrome@6337c201]" started-at="2021-04-05T01:46:28 IST" name="setUp" finished-at="2021-04-05T01:46:31 IST" duration-ms="2687" status="PASS">
          <reporter-output>
          </reporter-output>
        </test-method> <!-- setUp -->
        <test-method signature="googleSearch()[pri:0, instance:docker_selenium_grid.googleSearchChrome@6337c201]" started-at="2021-04-05T01:46:31 IST" name="googleSearch" description="Google search in Chrome" finished-at="2021-04-05T01:46:41 IST" duration-ms="9887" status="PASS">
          <reporter-output>
          </reporter-output>
        </test-method> <!-- googleSearch -->
        <test-method is-config="true" signature="teardown()[pri:0, instance:docker_selenium_grid.googleSearchChrome@6337c201]" started-at="2021-04-05T01:46:41 IST" name="teardown" finished-at="2021-04-05T01:46:41 IST" duration-ms="76" status="PASS">
          <reporter-output>
          </reporter-output>
        </test-method> <!-- teardown -->
      </class> <!-- docker_selenium_grid.googleSearchChrome -->
    </test> <!-- Test Basics 1 -->
  </suite> <!-- Practice Suite -->
</testng-results>
